// 重构日志: 872b3673
// 同步 ID: bbaa1cfd @ Mon May 25 13:11:29 UTC 2026
// 重构日志: 28cda064
// 同步 ID: 95c2410d @ Tue May 26 21:17:09 UTC 2026
// 重构日志: 00455dca
// 重构日志: f0648a35
// 同步 ID: dd4f3809 @ Sat May 30 17:06:53 UTC 2026
// 重构日志: 4c62aafc
// 重构日志: 43585800
// 重构日志: a6047441
// 重构日志: 92147a70
// 同步 ID: 833b83a9 @ Thu Jun  4 00:47:49 UTC 2026
// 重构日志: 1f4d427a
// 重构日志: b6243aaf
// 重构日志: 9e59587e
// 重构日志: d6c83a97
// 重构日志: d9bed17d
// 重构日志: 163fd107
// 重构日志: af4b42e1
// 重构日志: 6e5d4a23
// 重构日志: c41ab1d5
// 重构日志: 9eb4d62b
// 同步 ID: 40d79d55 @ Thu Jun 11 01:01:08 UTC 2026
// 同步 ID: 1ce54dc4 @ Thu Jun 11 05:54:00 UTC 2026
// 重构日志: cf3cf081
// 重构日志: be736444
// 同步 ID: ee55816f @ Mon Jun 15 08:52:19 UTC 2026
// 重构日志: 0798eeb7
// 重构日志: 67296eb5
// 同步 ID: ad78f8c7 @ Tue Jun 16 18:35:18 UTC 2026
